[INFO]-[2022/09/08 08:54:52] Cloning: 1662627292797's clone job's data is not in database, generating data
[INFO]-[2022/09/08 08:54:56] DB Copy: Creating table wpstg0_commentmeta
[INFO]-[2022/09/08 08:54:56] DB Copy: Table wp_commentmeta contains 0 rows 
[INFO]-[2022/09/08 08:54:57] DB Copy: Creating table wpstg0_comments
[INFO]-[2022/09/08 08:54:58] DB Copy: Table wp_comments contains 1 rows 
[INFO]-[2022/09/08 08:54:58] DB Copy: Copy data from wp_comments to wpstg0_comments - 0 to 10000 records
[INFO]-[2022/09/08 08:54:59] DB Copy: Creating table wpstg0_e_events
[INFO]-[2022/09/08 08:55:00] DB Copy: Table wp_e_events contains 0 rows 
[INFO]-[2022/09/08 08:55:02] DB Copy: Creating table wpstg0_e_notes
[INFO]-[2022/09/08 08:55:02] DB Copy: Table wp_e_notes contains 0 rows 
[INFO]-[2022/09/08 08:55:04] DB Copy: Creating table wpstg0_e_notes_users_relations
[INFO]-[2022/09/08 08:55:04] DB Copy: Table wp_e_notes_users_relations contains 0 rows 
[INFO]-[2022/09/08 08:55:06] DB Copy: Creating table wpstg0_e_submissions
[INFO]-[2022/09/08 08:55:06] DB Copy: Table wp_e_submissions contains 0 rows 
[INFO]-[2022/09/08 08:55:08] DB Copy: Creating table wpstg0_e_submissions_actions_log
[INFO]-[2022/09/08 08:55:08] DB Copy: Table wp_e_submissions_actions_log contains 0 rows 
[INFO]-[2022/09/08 08:55:13] DB Copy: Creating table wpstg0_e_submissions_values
[INFO]-[2022/09/08 08:55:13] DB Copy: Table wp_e_submissions_values contains 0 rows 
[INFO]-[2022/09/08 08:55:21] DB Copy: Creating table wpstg0_links
[INFO]-[2022/09/08 08:55:21] DB Copy: Table wp_links contains 0 rows 
[INFO]-[2022/09/08 08:55:25] DB Copy: Creating table wpstg0_options
[INFO]-[2022/09/08 08:55:25] DB Copy: Table wp_options contains 578 rows 
[INFO]-[2022/09/08 08:55:26] DB Copy: Copy data from wp_options to wpstg0_options - 0 to 10000 records
[INFO]-[2022/09/08 08:55:29] DB Copy: Creating table wpstg0_postmeta
[INFO]-[2022/09/08 08:55:30] DB Copy: Table wp_postmeta contains 2666 rows 
[INFO]-[2022/09/08 08:55:30] DB Copy: Copy data from wp_postmeta to wpstg0_postmeta - 0 to 10000 records
[INFO]-[2022/09/08 08:55:32] DB Copy: Creating table wpstg0_posts
[INFO]-[2022/09/08 08:55:32] DB Copy: Table wp_posts contains 370 rows 
[INFO]-[2022/09/08 08:55:32] DB Copy: Copy data from wp_posts to wpstg0_posts - 0 to 10000 records
[INFO]-[2022/09/08 08:55:34] DB Copy: Creating table wpstg0_smush_dir_images
[INFO]-[2022/09/08 08:55:34] DB Copy: Table wp_smush_dir_images contains 0 rows 
[INFO]-[2022/09/08 08:55:36] DB Copy: Creating table wpstg0_snowball_articles
[INFO]-[2022/09/08 08:55:36] DB Copy: Table wp_snowball_articles contains 0 rows 
[INFO]-[2022/09/08 08:55:37] DB Copy: Creating table wpstg0_snowball_blocks
[INFO]-[2022/09/08 08:55:38] DB Copy: Table wp_snowball_blocks contains 0 rows 
[INFO]-[2022/09/08 08:55:39] DB Copy: Creating table wpstg0_term_relationships
[INFO]-[2022/09/08 08:55:39] DB Copy: Table wp_term_relationships contains 35 rows 
[INFO]-[2022/09/08 08:55:39] DB Copy: Copy data from wp_term_relationships to wpstg0_term_relationships - 0 to 10000 records
[INFO]-[2022/09/08 08:55:41] DB Copy: Creating table wpstg0_term_taxonomy
[INFO]-[2022/09/08 08:55:41] DB Copy: Table wp_term_taxonomy contains 19 rows 
[INFO]-[2022/09/08 08:55:41] DB Copy: Copy data from wp_term_taxonomy to wpstg0_term_taxonomy - 0 to 10000 records
[INFO]-[2022/09/08 08:55:43] DB Copy: Creating table wpstg0_termmeta
[INFO]-[2022/09/08 08:55:43] DB Copy: Table wp_termmeta contains 0 rows 
[INFO]-[2022/09/08 08:55:45] DB Copy: Creating table wpstg0_terms
[INFO]-[2022/09/08 08:55:45] DB Copy: Table wp_terms contains 19 rows 
[INFO]-[2022/09/08 08:55:45] DB Copy: Copy data from wp_terms to wpstg0_terms - 0 to 10000 records
[INFO]-[2022/09/08 08:55:47] DB Copy: Creating table wpstg0_usermeta
[INFO]-[2022/09/08 08:55:47] DB Copy: Table wp_usermeta contains 36 rows 
[INFO]-[2022/09/08 08:55:47] DB Copy: Copy data from wp_usermeta to wpstg0_usermeta - 0 to 10000 records
[INFO]-[2022/09/08 08:55:49] DB Copy: Creating table wpstg0_users
[INFO]-[2022/09/08 08:55:49] DB Copy: Table wp_users contains 1 rows 
[INFO]-[2022/09/08 08:55:49] DB Copy: Copy data from wp_users to wpstg0_users - 0 to 10000 records
[INFO]-[2022/09/08 08:55:51] DB Copy: Creating table wpstg0_wpbot_response
[INFO]-[2022/09/08 08:55:52] DB Copy: Table wp_wpbot_response contains 1 rows 
[INFO]-[2022/09/08 08:55:52] DB Copy: Copy data from wp_wpbot_response to wpstg0_wpbot_response - 0 to 10000 records
[INFO]-[2022/09/08 08:55:54] DB Copy: Creating table wpstg0_wpbot_sessions
[INFO]-[2022/09/08 08:55:54] DB Copy: Table wp_wpbot_sessions contains 1 rows 
[INFO]-[2022/09/08 08:55:54] DB Copy: Copy data from wp_wpbot_sessions to wpstg0_wpbot_sessions - 0 to 10000 records
[INFO]-[2022/09/08 08:55:56] DB Copy: Creating table wpstg0_wpda_csv_uploads
[INFO]-[2022/09/08 08:55:56] DB Copy: Table wp_wpda_csv_uploads contains 0 rows 
[INFO]-[2022/09/08 08:55:58] DB Copy: Creating table wpstg0_wpda_logging
[INFO]-[2022/09/08 08:55:58] DB Copy: Table wp_wpda_logging contains 0 rows 
[INFO]-[2022/09/08 08:55:59] DB Copy: Creating table wpstg0_wpda_media
[INFO]-[2022/09/08 08:56:00] DB Copy: Table wp_wpda_media contains 0 rows 
[INFO]-[2022/09/08 08:56:01] DB Copy: Creating table wpstg0_wpda_menus
[INFO]-[2022/09/08 08:56:02] DB Copy: Table wp_wpda_menus contains 0 rows 
[INFO]-[2022/09/08 08:56:03] DB Copy: Creating table wpstg0_wpda_project
[INFO]-[2022/09/08 08:56:03] DB Copy: Table wp_wpda_project contains 0 rows 
[INFO]-[2022/09/08 08:56:05] DB Copy: Creating table wpstg0_wpda_project_page
[INFO]-[2022/09/08 08:56:05] DB Copy: Table wp_wpda_project_page contains 0 rows 
[INFO]-[2022/09/08 08:56:07] DB Copy: Creating table wpstg0_wpda_project_table
[INFO]-[2022/09/08 08:56:07] DB Copy: Table wp_wpda_project_table contains 0 rows 
[INFO]-[2022/09/08 08:56:09] DB Copy: Creating table wpstg0_wpda_publisher
[INFO]-[2022/09/08 08:56:09] DB Copy: Table wp_wpda_publisher contains 2 rows 
[INFO]-[2022/09/08 08:56:09] DB Copy: Copy data from wp_wpda_publisher to wpstg0_wpda_publisher - 0 to 10000 records
[INFO]-[2022/09/08 08:56:11] DB Copy: Creating table wpstg0_wpda_table_design
[INFO]-[2022/09/08 08:56:11] DB Copy: Table wp_wpda_table_design contains 3 rows 
[INFO]-[2022/09/08 08:56:11] DB Copy: Copy data from wp_wpda_table_design to wpstg0_wpda_table_design - 0 to 10000 records
[INFO]-[2022/09/08 08:56:13] DB Copy: Creating table wpstg0_wpda_table_settings
[INFO]-[2022/09/08 08:56:13] DB Copy: Table wp_wpda_table_settings contains 1 rows 
[INFO]-[2022/09/08 08:56:13] DB Copy: Copy data from wp_wpda_table_settings to wpstg0_wpda_table_settings - 0 to 10000 records
[INFO]-[2022/09/08 08:56:15] DB Copy: Creating table wpstg0_wpstg_queue
[INFO]-[2022/09/08 08:56:15] DB Copy: Table wp_wpstg_queue contains 0 rows 
[INFO]-[2022/09/08 08:56:18] DB Copy: Creating table wpstg0_wpwbot_index
[INFO]-[2022/09/08 08:56:18] DB Copy: Table wp_wpwbot_index contains 0 rows 
[INFO]-[2022/09/08 08:56:24] DB Search & Replace:  Table wpstg0_comments 0 to 20000 records
[INFO]-[2022/09/08 08:56:38] DB Search & Replace:  Table wpstg0_options 0 to 20000 records
[INFO]-[2022/09/08 08:56:39] DB Search & Replace:  Table wpstg0_postmeta 0 to 20000 records
[INFO]-[2022/09/08 08:56:41] DB Search & Replace:  Table wpstg0_posts 0 to 20000 records
[INFO]-[2022/09/08 08:56:49] DB Search & Replace:  Table wpstg0_term_relationships 0 to 20000 records
[INFO]-[2022/09/08 08:56:51] DB Search & Replace:  Table wpstg0_term_taxonomy 0 to 20000 records
[INFO]-[2022/09/08 08:56:54] DB Search & Replace:  Table wpstg0_terms 0 to 20000 records
[INFO]-[2022/09/08 08:56:58] DB Search & Replace:  Table wpstg0_usermeta 0 to 20000 records
[INFO]-[2022/09/08 08:56:59] DB Search & Replace:  Table wpstg0_users 0 to 20000 records
[INFO]-[2022/09/08 08:57:01] DB Search & Replace:  Table wpstg0_wpbot_response 0 to 20000 records
[INFO]-[2022/09/08 08:57:03] DB Search & Replace:  Table wpstg0_wpbot_sessions 0 to 20000 records
[INFO]-[2022/09/08 08:57:16] DB Search & Replace:  Table wpstg0_wpda_publisher 0 to 20000 records
[INFO]-[2022/09/08 08:57:19] DB Search & Replace:  Table wpstg0_wpda_table_design 0 to 20000 records
[INFO]-[2022/09/08 08:57:21] DB Search & Replace:  Table wpstg0_wpda_table_settings 0 to 20000 records
[INFO]-[2022/09/08 08:57:31] Scanning / for its files
[INFO]-[2022/09/08 08:57:33] Scanning wp-content/plugins/ and its sub-directories and files
[INFO]-[2022/09/08 08:57:53] Scanning wp-content/mu-plugins/ and its sub-directories and files
[INFO]-[2022/09/08 08:57:54] Scanning wp-content/themes/ and its sub-directories and files
[INFO]-[2022/09/08 08:57:57] Scanning wp-content/uploads/ and its sub-directories and files
[INFO]-[2022/09/08 08:57:59] Scanning wp-content/ for other directories and files
[INFO]-[2022/09/08 08:58:00] Scanning wp-includes/ for its sub-directories and files
[INFO]-[2022/09/08 08:58:04] Scanning wp-admin/ for its sub-directories and files
[INFO]-[2022/09/08 08:58:09] Copying files...
[INFO]-[2022/09/08 08:58:11] Total 50 files processed
[INFO]-[2022/09/08 08:58:14] Total 100 files processed
[INFO]-[2022/09/08 08:58:17] Total 150 files processed
[INFO]-[2022/09/08 08:58:22] Total 200 files processed
[INFO]-[2022/09/08 08:58:25] Total 250 files processed
[INFO]-[2022/09/08 08:58:29] Total 300 files processed
[INFO]-[2022/09/08 08:58:32] Total 350 files processed
[INFO]-[2022/09/08 08:58:35] Total 400 files processed
[INFO]-[2022/09/08 08:58:39] Total 450 files processed
[INFO]-[2022/09/08 08:58:42] Total 500 files processed
[INFO]-[2022/09/08 08:58:45] Total 550 files processed
[INFO]-[2022/09/08 08:58:49] Total 600 files processed
[INFO]-[2022/09/08 08:58:55] Total 650 files processed
[INFO]-[2022/09/08 08:58:59] Total 700 files processed
[INFO]-[2022/09/08 08:59:02] Total 750 files processed
[INFO]-[2022/09/08 08:59:06] Total 800 files processed
[INFO]-[2022/09/08 08:59:09] Total 850 files processed
[INFO]-[2022/09/08 08:59:12] Total 900 files processed
[INFO]-[2022/09/08 08:59:16] Total 950 files processed
[INFO]-[2022/09/08 08:59:20] Total 1000 files processed
[INFO]-[2022/09/08 08:59:24] Total 1050 files processed
[INFO]-[2022/09/08 08:59:27] Total 1100 files processed
[INFO]-[2022/09/08 08:59:31] Total 1150 files processed
[INFO]-[2022/09/08 08:59:34] Total 1200 files processed
[INFO]-[2022/09/08 08:59:38] Total 1250 files processed
[INFO]-[2022/09/08 08:59:41] Total 1300 files processed
[INFO]-[2022/09/08 08:59:44] Total 1350 files processed
[INFO]-[2022/09/08 08:59:48] Total 1400 files processed
[INFO]-[2022/09/08 08:59:51] Total 1450 files processed
[INFO]-[2022/09/08 08:59:55] Total 1500 files processed
[INFO]-[2022/09/08 08:59:58] Total 1550 files processed
[INFO]-[2022/09/08 09:00:02] Total 1600 files processed
[INFO]-[2022/09/08 09:00:06] Total 1650 files processed
[INFO]-[2022/09/08 09:00:10] Total 1700 files processed
[INFO]-[2022/09/08 09:00:18] Total 1750 files processed
[INFO]-[2022/09/08 09:00:27] Total 1800 files processed
[INFO]-[2022/09/08 09:00:31] Total 1850 files processed
[INFO]-[2022/09/08 09:00:35] Total 1900 files processed
[INFO]-[2022/09/08 09:00:38] Total 1950 files processed
[INFO]-[2022/09/08 09:00:41] Total 2000 files processed
[INFO]-[2022/09/08 09:00:45] Total 2050 files processed
[INFO]-[2022/09/08 09:00:48] Total 2100 files processed
[INFO]-[2022/09/08 09:00:53] Total 2150 files processed
[INFO]-[2022/09/08 09:00:56] Total 2200 files processed
[INFO]-[2022/09/08 09:00:59] Total 2250 files processed
[INFO]-[2022/09/08 09:01:03] Total 2300 files processed
[INFO]-[2022/09/08 09:01:06] Total 2350 files processed
[INFO]-[2022/09/08 09:01:09] Total 2400 files processed
[INFO]-[2022/09/08 09:01:13] Total 2450 files processed
[INFO]-[2022/09/08 09:01:16] Total 2500 files processed
[INFO]-[2022/09/08 09:01:20] Total 2550 files processed
[INFO]-[2022/09/08 09:01:24] Total 2600 files processed
[INFO]-[2022/09/08 09:01:27] Total 2650 files processed
[INFO]-[2022/09/08 09:01:31] Total 2700 files processed
[INFO]-[2022/09/08 09:01:34] Total 2750 files processed
[INFO]-[2022/09/08 09:01:38] Total 2800 files processed
[INFO]-[2022/09/08 09:01:41] Total 2850 files processed
[INFO]-[2022/09/08 09:01:44] Total 2900 files processed
[INFO]-[2022/09/08 09:01:47] Total 2950 files processed
[INFO]-[2022/09/08 09:01:51] Total 3000 files processed
[INFO]-[2022/09/08 09:01:54] Total 3050 files processed
[INFO]-[2022/09/08 09:01:57] Total 3100 files processed
[INFO]-[2022/09/08 09:02:00] Total 3150 files processed
[INFO]-[2022/09/08 09:02:04] Total 3200 files processed
[INFO]-[2022/09/08 09:02:07] Total 3250 files processed
[INFO]-[2022/09/08 09:02:10] Total 3300 files processed
[INFO]-[2022/09/08 09:02:13] Total 3350 files processed
[INFO]-[2022/09/08 09:02:17] Total 3400 files processed
[INFO]-[2022/09/08 09:02:21] Total 3450 files processed
[INFO]-[2022/09/08 09:02:27] Total 3500 files processed
[INFO]-[2022/09/08 09:02:30] Total 3550 files processed
[INFO]-[2022/09/08 09:02:33] Total 3600 files processed
[INFO]-[2022/09/08 09:02:36] Total 3650 files processed
[INFO]-[2022/09/08 09:02:40] Total 3700 files processed
[INFO]-[2022/09/08 09:02:43] Total 3750 files processed
[INFO]-[2022/09/08 09:02:46] Total 3800 files processed
[INFO]-[2022/09/08 09:02:50] Total 3850 files processed
[INFO]-[2022/09/08 09:02:54] Total 3900 files processed
[INFO]-[2022/09/08 09:02:58] Total 3950 files processed
[INFO]-[2022/09/08 09:03:01] Total 4000 files processed
[INFO]-[2022/09/08 09:03:05] Total 4050 files processed
[INFO]-[2022/09/08 09:03:08] Total 4100 files processed
[INFO]-[2022/09/08 09:03:12] Total 4150 files processed
[INFO]-[2022/09/08 09:03:16] Total 4200 files processed
[INFO]-[2022/09/08 09:03:19] Total 4250 files processed
[INFO]-[2022/09/08 09:03:24] Total 4300 files processed
[INFO]-[2022/09/08 09:03:29] Total 4350 files processed
[INFO]-[2022/09/08 09:03:33] Total 4400 files processed
[INFO]-[2022/09/08 09:03:36] Total 4450 files processed
[INFO]-[2022/09/08 09:03:41] Total 4500 files processed
[INFO]-[2022/09/08 09:03:44] Total 4550 files processed
[INFO]-[2022/09/08 09:03:48] Total 4600 files processed
[INFO]-[2022/09/08 09:03:52] Total 4650 files processed
[INFO]-[2022/09/08 09:03:56] Total 4700 files processed
[INFO]-[2022/09/08 09:04:01] Total 4750 files processed
[INFO]-[2022/09/08 09:04:05] Total 4800 files processed
[INFO]-[2022/09/08 09:04:09] Total 4850 files processed
[INFO]-[2022/09/08 09:04:13] Total 4900 files processed
[INFO]-[2022/09/08 09:04:17] Total 4950 files processed
[INFO]-[2022/09/08 09:04:22] Total 5000 files processed
[INFO]-[2022/09/08 09:04:27] Total 5050 files processed
[INFO]-[2022/09/08 09:04:30] Total 5100 files processed
[INFO]-[2022/09/08 09:04:34] Total 5150 files processed
[INFO]-[2022/09/08 09:04:37] Total 5200 files processed
[INFO]-[2022/09/08 09:04:42] Total 5250 files processed
[INFO]-[2022/09/08 09:04:45] Total 5300 files processed
[INFO]-[2022/09/08 09:04:48] Total 5350 files processed
[INFO]-[2022/09/08 09:04:52] Total 5400 files processed
[INFO]-[2022/09/08 09:04:55] Total 5450 files processed
[INFO]-[2022/09/08 09:04:58] Total 5500 files processed
[INFO]-[2022/09/08 09:05:02] Total 5550 files processed
[INFO]-[2022/09/08 09:05:05] Total 5600 files processed
[INFO]-[2022/09/08 09:05:11] Total 5650 files processed
[INFO]-[2022/09/08 09:05:21] Total 5700 files processed
[INFO]-[2022/09/08 09:05:27] Total 5750 files processed
[INFO]-[2022/09/08 09:05:31] Total 5800 files processed
[INFO]-[2022/09/08 09:05:35] Total 5850 files processed
[INFO]-[2022/09/08 09:05:38] Total 5900 files processed
[INFO]-[2022/09/08 09:05:42] Total 5950 files processed
[INFO]-[2022/09/08 09:05:45] Total 6000 files processed
[INFO]-[2022/09/08 09:05:48] Total 6050 files processed
[INFO]-[2022/09/08 09:05:52] Total 6100 files processed
[INFO]-[2022/09/08 09:05:55] Total 6150 files processed
[INFO]-[2022/09/08 09:05:59] Total 6200 files processed
[INFO]-[2022/09/08 09:06:02] Total 6250 files processed
[INFO]-[2022/09/08 09:06:05] Total 6300 files processed
[INFO]-[2022/09/08 09:06:09] Total 6350 files processed
[INFO]-[2022/09/08 09:06:12] Total 6400 files processed
[INFO]-[2022/09/08 09:06:16] Total 6450 files processed
[INFO]-[2022/09/08 09:06:19] Total 6500 files processed
[INFO]-[2022/09/08 09:06:23] Total 6550 files processed
[INFO]-[2022/09/08 09:06:26] Total 6600 files processed
[INFO]-[2022/09/08 09:06:30] Total 6650 files processed
[INFO]-[2022/09/08 09:06:33] Total 6700 files processed
[INFO]-[2022/09/08 09:06:36] Total 6750 files processed
[INFO]-[2022/09/08 09:06:40] Total 6800 files processed
[INFO]-[2022/09/08 09:06:44] Total 6850 files processed
[INFO]-[2022/09/08 09:06:47] Total 6900 files processed
[INFO]-[2022/09/08 09:06:51] Total 6950 files processed
[INFO]-[2022/09/08 09:06:54] Total 7000 files processed
[INFO]-[2022/09/08 09:06:57] Total 7050 files processed
[INFO]-[2022/09/08 09:07:01] Total 7100 files processed
[INFO]-[2022/09/08 09:07:05] Total 7150 files processed
[INFO]-[2022/09/08 09:07:08] Total 7200 files processed
[INFO]-[2022/09/08 09:07:12] Total 7250 files processed
[INFO]-[2022/09/08 09:07:15] Total 7300 files processed
[INFO]-[2022/09/08 09:07:19] Total 7350 files processed
[INFO]-[2022/09/08 09:07:23] Total 7400 files processed
[INFO]-[2022/09/08 09:07:28] Total 7450 files processed
[INFO]-[2022/09/08 09:07:31] Total 7500 files processed
[INFO]-[2022/09/08 09:07:35] Total 7550 files processed
[INFO]-[2022/09/08 09:07:38] Total 7600 files processed
[INFO]-[2022/09/08 09:07:42] Total 7650 files processed
[INFO]-[2022/09/08 09:07:46] Total 7700 files processed
[INFO]-[2022/09/08 09:07:49] Total 7750 files processed
[INFO]-[2022/09/08 09:07:53] Total 7800 files processed
[INFO]-[2022/09/08 09:07:57] Total 7850 files processed
[INFO]-[2022/09/08 09:08:01] Total 7900 files processed
[INFO]-[2022/09/08 09:08:04] Total 7950 files processed
[INFO]-[2022/09/08 09:08:07] Total 8000 files processed
[INFO]-[2022/09/08 09:08:11] Total 8050 files processed
[INFO]-[2022/09/08 09:08:14] Total 8100 files processed
[INFO]-[2022/09/08 09:08:18] Total 8150 files processed
[INFO]-[2022/09/08 09:08:21] Total 8200 files processed
[INFO]-[2022/09/08 09:08:25] Total 8250 files processed
[INFO]-[2022/09/08 09:08:28] Total 8300 files processed
[INFO]-[2022/09/08 09:08:31] Total 8350 files processed
[INFO]-[2022/09/08 09:08:35] Total 8400 files processed
[INFO]-[2022/09/08 09:08:38] Total 8450 files processed
[INFO]-[2022/09/08 09:08:42] Total 8500 files processed
[INFO]-[2022/09/08 09:08:46] Total 8550 files processed
[INFO]-[2022/09/08 09:08:51] Total 8600 files processed
[INFO]-[2022/09/08 09:08:54] Total 8650 files processed
[INFO]-[2022/09/08 09:08:58] Total 8700 files processed
[INFO]-[2022/09/08 09:09:02] Total 8750 files processed
[INFO]-[2022/09/08 09:09:06] Total 8800 files processed
[INFO]-[2022/09/08 09:09:09] Total 8850 files processed
[INFO]-[2022/09/08 09:09:13] Total 8900 files processed
[INFO]-[2022/09/08 09:09:17] Total 8950 files processed
[INFO]-[2022/09/08 09:09:20] Total 9000 files processed
[INFO]-[2022/09/08 09:09:24] Total 9050 files processed
[INFO]-[2022/09/08 09:09:28] Total 9100 files processed
[INFO]-[2022/09/08 09:09:32] Total 9150 files processed
[INFO]-[2022/09/08 09:09:36] Total 9200 files processed
[INFO]-[2022/09/08 09:09:39] Total 9250 files processed
[INFO]-[2022/09/08 09:09:43] Total 9300 files processed
[INFO]-[2022/09/08 09:09:47] Total 9350 files processed
[INFO]-[2022/09/08 09:09:53] Total 9400 files processed
[INFO]-[2022/09/08 09:09:58] Total 9450 files processed
[INFO]-[2022/09/08 09:10:02] Total 9500 files processed
[INFO]-[2022/09/08 09:10:07] Total 9550 files processed
[INFO]-[2022/09/08 09:10:12] Total 9600 files processed
[INFO]-[2022/09/08 09:10:21] Total 9650 files processed
[INFO]-[2022/09/08 09:10:26] Total 9700 files processed
[INFO]-[2022/09/08 09:10:29] Total 9750 files processed
[INFO]-[2022/09/08 09:10:33] Total 9800 files processed
[INFO]-[2022/09/08 09:10:37] Total 9850 files processed
[INFO]-[2022/09/08 09:10:41] Total 9900 files processed
[INFO]-[2022/09/08 09:10:45] Total 9950 files processed
[INFO]-[2022/09/08 09:10:48] Total 10000 files processed
[INFO]-[2022/09/08 09:10:53] Total 10050 files processed
[INFO]-[2022/09/08 09:10:57] Total 10100 files processed
[INFO]-[2022/09/08 09:11:01] Total 10150 files processed
[INFO]-[2022/09/08 09:11:04] Total 10200 files processed
[INFO]-[2022/09/08 09:11:08] Total 10250 files processed
[INFO]-[2022/09/08 09:11:11] Total 10300 files processed
[INFO]-[2022/09/08 09:11:16] Total 10350 files processed
[INFO]-[2022/09/08 09:11:20] Total 10400 files processed
[INFO]-[2022/09/08 09:11:24] Total 10450 files processed
[INFO]-[2022/09/08 09:11:28] Total 10500 files processed
[INFO]-[2022/09/08 09:11:31] Total 10550 files processed
[INFO]-[2022/09/08 09:11:35] Total 10600 files processed
[INFO]-[2022/09/08 09:11:39] Total 10650 files processed
[INFO]-[2022/09/08 09:11:42] Total 10700 files processed
[INFO]-[2022/09/08 09:11:46] Total 10750 files processed
[INFO]-[2022/09/08 09:11:50] Total 10800 files processed
[INFO]-[2022/09/08 09:11:54] Total 10850 files processed
[INFO]-[2022/09/08 09:11:58] Skipped symlinking Wp Uploads Folder
[INFO]-[2022/09/08 09:11:58] Copying files finished
[INFO]-[2022/09/08 09:12:00] DB Data Step 0: Copy wp-config.php file
[INFO]-[2022/09/08 09:12:00] DB Data Step 0: Skipping: wp-config.php already exists in /home/site/wwwroot/studenthero/wp-config.php
[INFO]-[2022/09/08 09:12:02] DB Data Step 1: Updating siteurl and homeurl in wpstg0_options to https://studenthero.azurewebsites.net/studenthero
[INFO]-[2022/09/08 09:12:09] DB Data Step 3: Updating db prefix in wpstg0_usermeta.
[INFO]-[2022/09/08 09:12:10] DB Data Step 4: Updating table_prefix in /home/site/wwwroot/studenthero/wp-config.php to wpstg0_
[INFO]-[2022/09/08 09:12:12] DB Data Step 5: WP installation is not in a subdirectory! Skipping this step
[INFO]-[2022/09/08 09:12:14] DB Data Step 6: Updating db prefix in wpstg0_options.
[INFO]-[2022/09/08 09:12:15] DB Data Step 7: Updating constants in wp-config.php
[INFO]-[2022/09/08 09:12:15] DB Data Step 7: Added:UPLOADS
[INFO]-[2022/09/08 09:12:15] DB Data Step 7: Added:WP_PLUGIN_DIR
[INFO]-[2022/09/08 09:12:15] DB Data Step 7: Added:WP_PLUGIN_URL
[INFO]-[2022/09/08 09:12:15] DB Data Step 7: Added:WP_LANG_DIR
[INFO]-[2022/09/08 09:12:15] DB Data Step 7: Updated: WP_HOME
[INFO]-[2022/09/08 09:12:15] DB Data Step 7: Updated: WP_SITEURL
[INFO]-[2022/09/08 09:12:15] DB Data Step 7: Updated: WP_CACHE
[INFO]-[2022/09/08 09:12:15] DB Data Step 7: Added:WP_ENVIRONMENT_TYPE
[INFO]-[2022/09/08 09:12:15] DB Data Step 7: Skipping: WP_ALLOW_MULTISITE not defined in wp-config.php.
[INFO]-[2022/09/08 09:12:15] DB Data Step 7: Skipping: MULTISITE not defined in wp-config.php.
[INFO]-[2022/09/08 09:12:15] DB Data Step 7: Deleted: WP_CONTENT_URL
[INFO]-[2022/09/08 09:12:19] Finish: Deleting clone job's cache files...
[INFO]-[2022/09/08 09:12:19] Finish: Clone job's cache files have been deleted!
[INFO]-[2022/09/08 09:12:19] Finish: Verifying existing clones...
[INFO]-[2022/09/08 09:12:19] Finish: The job finished!
